2017-04-14 16:45:21 INFO  [net.isetjb.Application.java:main():45] - Initializing the application...
2017-04-14 16:45:21 DEBUG [net.isetjb.config.PROP.java:getInstance():39] - Trying to create Properties...
2017-04-14 16:45:21 DEBUG [net.isetjb.config.PROP.java:getInstance():46] - Success add app.properties file.
2017-04-14 16:45:21 DEBUG [net.isetjb.config.I18N.java:getInstance():37] - Internationalization settings...
2017-04-14 16:45:21 INFO  [net.isetjb.config.I18N.java:getInstance():43] - Default user Locale : fr_FR
2017-04-14 16:45:21 INFO  [net.isetjb.config.I18N.java:init():86] - Locale configured successfully to : fr_FR
2017-04-14 16:45:21 DEBUG [net.isetjb.Application.java:macosConfig():67] - Special settings for macOS users...
2017-04-14 16:45:21 INFO  [net.isetjb.Application.java:main():51] - Starting swing-desktop-starter-1.0.0 Application...
2017-04-14 16:45:26 DEBUG [net.isetjb.frames.FrameAbout.java:<init>():60] - START constructor...
2017-04-14 16:45:26 DEBUG [net.isetjb.frames.FrameAbout.java:<init>():98] - End of constructor.
2017-04-14 16:45:26 DEBUG [net.isetjb.frames.Frame1.java:<init>():49] - START constructor...
2017-04-14 16:45:26 DEBUG [net.isetjb.frames.Frame1.java:<init>():66] - End of constructor.
2017-04-14 16:45:26 DEBUG [net.isetjb.frames.MenuBar.java:<init>():58] - START constructor...
2017-04-14 16:45:26 DEBUG [net.isetjb.frames.MenuBar.java:<init>():79] - End of constructor.
2017-04-14 16:45:26 DEBUG [net.isetjb.frames.Desktop.java:<init>():65] - START constructor...
2017-04-14 16:45:26 DEBUG [net.isetjb.frames.Desktop.java:<init>():134] - End of constructor.
2017-04-14 16:45:26 INFO  [net.isetjb.Application.java:main():56] - Application swing-desktop-starter-1.0.0 started.
2017-04-14 16:46:20 INFO  [net.isetjb.Application.java:main():45] - Initializing the application...
2017-04-14 16:46:20 DEBUG [net.isetjb.config.PROP.java:getInstance():39] - Trying to create Properties...
2017-04-14 16:46:20 DEBUG [net.isetjb.config.PROP.java:getInstance():46] - Success add app.properties file.
2017-04-14 16:46:20 DEBUG [net.isetjb.config.I18N.java:getInstance():37] - Internationalization settings...
2017-04-14 16:46:20 INFO  [net.isetjb.config.I18N.java:getInstance():43] - Default user Locale : fr_FR
2017-04-14 16:46:20 INFO  [net.isetjb.config.I18N.java:init():86] - Locale configured successfully to : fr_FR
2017-04-14 16:46:20 DEBUG [net.isetjb.Application.java:macosConfig():67] - Special settings for macOS users...
2017-04-14 16:46:20 INFO  [net.isetjb.Application.java:main():51] - Starting swing-desktop-starter-1.0.0 Application...
2017-04-14 16:46:25 DEBUG [net.isetjb.frames.FrameAbout.java:<init>():60] - START constructor...
2017-04-14 16:46:26 DEBUG [net.isetjb.frames.FrameAbout.java:<init>():98] - End of constructor.
2017-04-14 16:46:26 DEBUG [net.isetjb.frames.Frame1.java:<init>():49] - START constructor...
2017-04-14 16:46:26 DEBUG [net.isetjb.frames.Frame1.java:<init>():66] - End of constructor.
2017-04-14 16:46:26 DEBUG [net.isetjb.frames.MenuBar.java:<init>():58] - START constructor...
2017-04-14 16:46:26 DEBUG [net.isetjb.frames.MenuBar.java:<init>():79] - End of constructor.
2017-04-14 16:46:26 DEBUG [net.isetjb.frames.Desktop.java:<init>():65] - START constructor...
2017-04-14 16:46:26 DEBUG [net.isetjb.frames.Desktop.java:<init>():134] - End of constructor.
2017-04-14 16:46:26 INFO  [net.isetjb.Application.java:main():56] - Application swing-desktop-starter-1.0.0 started.
2017-04-16 19:17:29 INFO  [net.isetjb.Application.java:main():42] - Initializing the application...
2017-04-16 19:17:29 DEBUG [net.isetjb.config.PROP.java:getInstance():39] - Trying to create Properties...
2017-04-16 19:17:29 DEBUG [net.isetjb.config.PROP.java:getInstance():46] - Success add app.properties file.
2017-04-16 19:17:29 DEBUG [net.isetjb.config.I18N.java:getInstance():42] - Internationalization settings...
2017-04-16 19:17:29 INFO  [net.isetjb.config.I18N.java:getInstance():48] - Default user Locale : fr_FR
2017-04-16 19:17:29 INFO  [net.isetjb.config.I18N.java:init():91] - Locale configured successfully to : fr_FR
2017-04-16 19:17:29 DEBUG [net.isetjb.Application.java:macosConfig():63] - Special settings for macOS users...
2017-04-16 19:17:29 INFO  [net.isetjb.Application.java:main():48] - Starting ${project.build.finalName} Application...
2017-04-16 19:17:35 DEBUG [net.isetjb.frames.FrameAbout.java:<init>():58] - START constructor...
2017-04-16 19:17:35 DEBUG [net.isetjb.frames.FrameAbout.java:<init>():96] - End of constructor.
2017-04-16 19:17:35 DEBUG [net.isetjb.frames.Frame1.java:<init>():49] - START constructor...
2017-04-16 19:17:35 DEBUG [net.isetjb.frames.Frame1.java:<init>():66] - End of constructor.
2017-04-16 19:17:35 DEBUG [net.isetjb.frames.MenuBar.java:<init>():58] - START constructor...
2017-04-16 19:17:35 DEBUG [net.isetjb.frames.MenuBar.java:<init>():79] - End of constructor.
2017-04-16 19:17:35 DEBUG [net.isetjb.frames.Desktop.java:<init>():65] - START constructor...
2017-04-16 19:17:35 DEBUG [net.isetjb.frames.Desktop.java:<init>():134] - End of constructor.
2017-04-16 19:17:35 INFO  [net.isetjb.Application.java:main():53] - Application ${project.build.finalName} started.
2017-04-16 19:17:39 DEBUG [net.isetjb.frames.Desktop.java:actionPerformed():100] - ActionEvent on A propos de Application
2017-04-16 19:17:49 DEBUG [net.isetjb.frames.FrameAbout.java:lambda$new$0():89] - ActionEvent on Valider
2017-04-16 19:17:58 DEBUG [net.isetjb.frames.Desktop.java:windowClosing():123] - WindowEvent on WINDOW_CLOSING,opposite=null,oldState=0,newState=0
2017-04-16 19:17:58 DEBUG [net.isetjb.frames.Desktop.java:confirmBeforeExit():144] - Display confirm dialog...
2017-04-16 19:18:01 DEBUG [net.isetjb.frames.Desktop.java:confirmBeforeExit():148] - User answer YES.
2017-04-16 19:18:42 INFO  [net.isetjb.Application.java:main():42] - Initializing the application...
2017-04-16 19:18:42 DEBUG [net.isetjb.config.PROP.java:getInstance():39] - Trying to create Properties...
2017-04-16 19:18:42 DEBUG [net.isetjb.config.PROP.java:getInstance():46] - Success add app.properties file.
2017-04-16 19:18:42 DEBUG [net.isetjb.config.I18N.java:getInstance():42] - Internationalization settings...
2017-04-16 19:18:42 INFO  [net.isetjb.config.I18N.java:getInstance():48] - Default user Locale : fr_FR
2017-04-16 19:18:42 INFO  [net.isetjb.config.I18N.java:init():91] - Locale configured successfully to : fr_FR
2017-04-16 19:18:42 DEBUG [net.isetjb.Application.java:macosConfig():63] - Special settings for macOS users...
2017-04-16 19:18:42 INFO  [net.isetjb.Application.java:main():48] - Starting ${project.build.finalName} Application...
2017-04-16 19:18:47 DEBUG [net.isetjb.frames.FrameAbout.java:<init>():58] - START constructor...
2017-04-16 19:18:47 DEBUG [net.isetjb.frames.FrameAbout.java:<init>():96] - End of constructor.
2017-04-16 19:18:47 DEBUG [net.isetjb.frames.Frame1.java:<init>():49] - START constructor...
2017-04-16 19:18:47 DEBUG [net.isetjb.frames.Frame1.java:<init>():66] - End of constructor.
2017-04-16 19:18:47 DEBUG [net.isetjb.frames.MenuBar.java:<init>():58] - START constructor...
2017-04-16 19:18:47 DEBUG [net.isetjb.frames.MenuBar.java:<init>():79] - End of constructor.
2017-04-16 19:18:47 DEBUG [net.isetjb.frames.Desktop.java:<init>():65] - START constructor...
2017-04-16 19:18:47 DEBUG [net.isetjb.frames.Desktop.java:<init>():134] - End of constructor.
2017-04-16 19:18:47 INFO  [net.isetjb.Application.java:main():53] - Application ${project.build.finalName} started.
2017-04-16 19:18:55 DEBUG [net.isetjb.frames.Desktop.java:actionPerformed():100] - ActionEvent on A propos de Application
2017-04-16 19:19:10 DEBUG [net.isetjb.frames.Desktop.java:windowClosing():123] - WindowEvent on WINDOW_CLOSING,opposite=null,oldState=0,newState=0
2017-04-16 19:19:10 DEBUG [net.isetjb.frames.Desktop.java:confirmBeforeExit():144] - Display confirm dialog...
2017-04-16 19:19:11 DEBUG [net.isetjb.frames.Desktop.java:confirmBeforeExit():148] - User answer YES.
2017-04-16 19:20:20 INFO  [net.isetjb.Application.java:main():42] - Initializing the application...
2017-04-16 19:20:20 DEBUG [net.isetjb.config.PROP.java:getInstance():39] - Trying to create Properties...
2017-04-16 19:20:20 DEBUG [net.isetjb.config.PROP.java:getInstance():46] - Success add app.properties file.
2017-04-16 19:20:20 DEBUG [net.isetjb.config.I18N.java:getInstance():42] - Internationalization settings...
2017-04-16 19:20:20 INFO  [net.isetjb.config.I18N.java:getInstance():48] - Default user Locale : fr_FR
2017-04-16 19:20:20 INFO  [net.isetjb.config.I18N.java:init():91] - Locale configured successfully to : fr_FR
2017-04-16 19:20:20 DEBUG [net.isetjb.Application.java:macosConfig():63] - Special settings for macOS users...
2017-04-16 19:20:20 INFO  [net.isetjb.Application.java:main():48] - Starting null Application...
2017-04-16 19:20:25 DEBUG [net.isetjb.frames.FrameAbout.java:<init>():58] - START constructor...
2017-04-16 19:20:25 DEBUG [net.isetjb.frames.FrameAbout.java:<init>():96] - End of constructor.
2017-04-16 19:20:25 DEBUG [net.isetjb.frames.Frame1.java:<init>():49] - START constructor...
2017-04-16 19:20:25 DEBUG [net.isetjb.frames.Frame1.java:<init>():66] - End of constructor.
2017-04-16 19:20:25 DEBUG [net.isetjb.frames.MenuBar.java:<init>():58] - START constructor...
2017-04-16 19:20:25 DEBUG [net.isetjb.frames.MenuBar.java:<init>():79] - End of constructor.
2017-04-16 19:20:25 DEBUG [net.isetjb.frames.Desktop.java:<init>():65] - START constructor...
2017-04-16 19:20:25 DEBUG [net.isetjb.frames.Desktop.java:<init>():134] - End of constructor.
2017-04-16 19:20:25 INFO  [net.isetjb.Application.java:main():53] - Application null started.
2017-04-16 19:21:26 INFO  [net.isetjb.Application.java:main():42] - Initializing the application...
2017-04-16 19:21:26 DEBUG [net.isetjb.config.PROP.java:getInstance():39] - Trying to create Properties...
2017-04-16 19:21:26 DEBUG [net.isetjb.config.PROP.java:getInstance():46] - Success add app.properties file.
2017-04-16 19:21:26 DEBUG [net.isetjb.config.I18N.java:getInstance():42] - Internationalization settings...
2017-04-16 19:21:26 INFO  [net.isetjb.config.I18N.java:getInstance():48] - Default user Locale : fr_FR
2017-04-16 19:21:26 INFO  [net.isetjb.config.I18N.java:init():91] - Locale configured successfully to : fr_FR
2017-04-16 19:21:26 DEBUG [net.isetjb.Application.java:macosConfig():63] - Special settings for macOS users...
2017-04-16 19:21:26 INFO  [net.isetjb.Application.java:main():48] - Starting null Application...
2017-04-16 19:21:31 DEBUG [net.isetjb.frames.FrameAbout.java:<init>():58] - START constructor...
2017-04-16 19:21:31 DEBUG [net.isetjb.frames.FrameAbout.java:<init>():96] - End of constructor.
2017-04-16 19:21:31 DEBUG [net.isetjb.frames.Frame1.java:<init>():49] - START constructor...
2017-04-16 19:21:31 DEBUG [net.isetjb.frames.Frame1.java:<init>():66] - End of constructor.
2017-04-16 19:21:31 DEBUG [net.isetjb.frames.MenuBar.java:<init>():58] - START constructor...
2017-04-16 19:21:31 DEBUG [net.isetjb.frames.MenuBar.java:<init>():79] - End of constructor.
2017-04-16 19:21:31 DEBUG [net.isetjb.frames.Desktop.java:<init>():65] - START constructor...
2017-04-16 19:21:31 DEBUG [net.isetjb.frames.Desktop.java:<init>():134] - End of constructor.
2017-04-16 19:21:31 INFO  [net.isetjb.Application.java:main():53] - Application null started.
2017-04-16 19:21:34 DEBUG [net.isetjb.frames.Desktop.java:actionPerformed():100] - ActionEvent on A propos de Application
2017-04-16 19:21:42 DEBUG [net.isetjb.frames.Desktop.java:windowClosing():123] - WindowEvent on WINDOW_CLOSING,opposite=null,oldState=0,newState=0
2017-04-16 19:21:42 DEBUG [net.isetjb.frames.Desktop.java:confirmBeforeExit():144] - Display confirm dialog...
2017-04-16 19:21:44 DEBUG [net.isetjb.frames.Desktop.java:confirmBeforeExit():148] - User answer YES.
2017-04-16 19:26:04 INFO  [net.isetjb.Application.java:main():42] - Initializing the application...
2017-04-16 19:26:04 DEBUG [net.isetjb.config.PROP.java:getInstance():39] - Trying to create Properties...
2017-04-16 19:26:04 DEBUG [net.isetjb.config.PROP.java:getInstance():46] - Success add app.properties file.
2017-04-16 19:26:04 DEBUG [net.isetjb.config.I18N.java:getInstance():42] - Internationalization settings...
2017-04-16 19:26:04 INFO  [net.isetjb.config.I18N.java:getInstance():48] - Default user Locale : fr_FR
2017-04-16 19:26:04 INFO  [net.isetjb.config.I18N.java:init():91] - Locale configured successfully to : fr_FR
2017-04-16 19:26:04 DEBUG [net.isetjb.Application.java:macosConfig():63] - Special settings for macOS users...
2017-04-16 19:26:04 INFO  [net.isetjb.Application.java:main():48] - Starting swing-desktop-starter-1.0.0 Application...
2017-04-16 19:26:08 DEBUG [net.isetjb.frames.FrameAbout.java:<init>():58] - START constructor...
2017-04-16 19:26:08 DEBUG [net.isetjb.frames.FrameAbout.java:<init>():96] - End of constructor.
2017-04-16 19:26:08 DEBUG [net.isetjb.frames.Frame1.java:<init>():49] - START constructor...
2017-04-16 19:26:08 DEBUG [net.isetjb.frames.Frame1.java:<init>():66] - End of constructor.
2017-04-16 19:26:08 DEBUG [net.isetjb.frames.MenuBar.java:<init>():58] - START constructor...
2017-04-16 19:26:08 DEBUG [net.isetjb.frames.MenuBar.java:<init>():79] - End of constructor.
2017-04-16 19:26:08 DEBUG [net.isetjb.frames.Desktop.java:<init>():65] - START constructor...
2017-04-16 19:26:09 DEBUG [net.isetjb.frames.Desktop.java:<init>():134] - End of constructor.
2017-04-16 19:26:09 INFO  [net.isetjb.Application.java:main():53] - Application swing-desktop-starter-1.0.0 started.
2017-04-16 19:26:12 DEBUG [net.isetjb.frames.Desktop.java:actionPerformed():100] - ActionEvent on A propos de Application
2017-04-16 19:26:19 DEBUG [net.isetjb.frames.Desktop.java:windowClosing():123] - WindowEvent on WINDOW_CLOSING,opposite=null,oldState=0,newState=0
2017-04-16 19:26:19 DEBUG [net.isetjb.frames.Desktop.java:confirmBeforeExit():144] - Display confirm dialog...
2017-04-16 19:26:20 DEBUG [net.isetjb.frames.Desktop.java:confirmBeforeExit():148] - User answer YES.
2017-04-16 19:27:55 INFO  [net.isetjb.Application.java:main():42] - Initializing the application...
2017-04-16 19:27:55 DEBUG [net.isetjb.config.PROP.java:getInstance():39] - Trying to create Properties...
2017-04-16 19:27:55 DEBUG [net.isetjb.config.PROP.java:getInstance():46] - Success add app.properties file.
2017-04-16 19:27:55 DEBUG [net.isetjb.config.I18N.java:getInstance():42] - Internationalization settings...
2017-04-16 19:27:55 INFO  [net.isetjb.config.I18N.java:getInstance():48] - Default user Locale : fr_FR
2017-04-16 19:27:55 INFO  [net.isetjb.config.I18N.java:init():91] - Locale configured successfully to : fr_FR
2017-04-16 19:27:55 DEBUG [net.isetjb.Application.java:macosConfig():63] - Special settings for macOS users...
2017-04-16 19:27:55 INFO  [net.isetjb.Application.java:main():48] - Starting swing-desktop-starter-1.0.0 Application...
2017-04-16 19:28:00 DEBUG [net.isetjb.frames.FrameAbout.java:<init>():58] - START constructor...
2017-04-16 19:28:00 DEBUG [net.isetjb.frames.FrameAbout.java:<init>():96] - End of constructor.
2017-04-16 19:28:00 DEBUG [net.isetjb.frames.Frame1.java:<init>():49] - START constructor...
2017-04-16 19:28:00 DEBUG [net.isetjb.frames.Frame1.java:<init>():66] - End of constructor.
2017-04-16 19:28:00 DEBUG [net.isetjb.frames.MenuBar.java:<init>():58] - START constructor...
2017-04-16 19:28:00 DEBUG [net.isetjb.frames.MenuBar.java:<init>():79] - End of constructor.
2017-04-16 19:28:00 DEBUG [net.isetjb.frames.Desktop.java:<init>():65] - START constructor...
2017-04-16 19:28:00 DEBUG [net.isetjb.frames.Desktop.java:<init>():134] - End of constructor.
2017-04-16 19:28:00 INFO  [net.isetjb.Application.java:main():53] - Application swing-desktop-starter-1.0.0 started.
2017-04-16 19:28:04 DEBUG [net.isetjb.frames.Desktop.java:actionPerformed():100] - ActionEvent on A propos de Application
2017-04-16 19:28:07 DEBUG [net.isetjb.frames.FrameAbout.java:lambda$new$0():89] - ActionEvent on Valider
2017-04-16 19:28:08 DEBUG [net.isetjb.frames.Desktop.java:windowClosing():123] - WindowEvent on WINDOW_CLOSING,opposite=null,oldState=0,newState=0
2017-04-16 19:28:08 DEBUG [net.isetjb.frames.Desktop.java:confirmBeforeExit():144] - Display confirm dialog...
2017-04-16 19:28:10 DEBUG [net.isetjb.frames.Desktop.java:confirmBeforeExit():148] - User answer YES.
2017-04-16 19:30:32 INFO  [net.isetjb.Application.java:main():42] - Initializing the application...
2017-04-16 19:30:32 DEBUG [net.isetjb.config.PROP.java:getInstance():39] - Trying to create Properties...
2017-04-16 19:30:32 DEBUG [net.isetjb.config.PROP.java:getInstance():46] - Success add app.properties file.
2017-04-16 19:30:32 DEBUG [net.isetjb.config.I18N.java:getInstance():42] - Internationalization settings...
2017-04-16 19:30:32 INFO  [net.isetjb.config.I18N.java:getInstance():48] - Default user Locale : fr_FR
2017-04-16 19:30:32 INFO  [net.isetjb.config.I18N.java:init():91] - Locale configured successfully to : fr_FR
2017-04-16 19:30:32 DEBUG [net.isetjb.Application.java:macosConfig():63] - Special settings for macOS users...
2017-04-16 19:30:32 INFO  [net.isetjb.Application.java:main():48] - Starting swing-desktop-starter-1.0.0 Application...
2017-04-16 19:30:37 DEBUG [net.isetjb.frames.FrameAbout.java:<init>():58] - START constructor...
2017-04-16 19:30:37 DEBUG [net.isetjb.frames.FrameAbout.java:<init>():96] - End of constructor.
2017-04-16 19:30:37 DEBUG [net.isetjb.frames.Frame1.java:<init>():49] - START constructor...
2017-04-16 19:30:37 DEBUG [net.isetjb.frames.Frame1.java:<init>():66] - End of constructor.
2017-04-16 19:30:37 DEBUG [net.isetjb.frames.MenuBar.java:<init>():58] - START constructor...
2017-04-16 19:30:37 DEBUG [net.isetjb.frames.MenuBar.java:<init>():79] - End of constructor.
2017-04-16 19:30:37 DEBUG [net.isetjb.frames.Desktop.java:<init>():65] - START constructor...
2017-04-16 19:30:38 DEBUG [net.isetjb.frames.Desktop.java:<init>():134] - End of constructor.
2017-04-16 19:30:38 INFO  [net.isetjb.Application.java:main():53] - Application swing-desktop-starter-1.0.0 started.
2017-04-16 19:30:41 DEBUG [net.isetjb.frames.Desktop.java:actionPerformed():100] - ActionEvent on A propos de Application
2017-04-16 19:31:01 DEBUG [net.isetjb.frames.FrameAbout.java:lambda$new$0():89] - ActionEvent on Valider
2017-04-16 19:31:03 DEBUG [net.isetjb.frames.Desktop.java:windowClosing():123] - WindowEvent on WINDOW_CLOSING,opposite=null,oldState=0,newState=0
2017-04-16 19:31:03 DEBUG [net.isetjb.frames.Desktop.java:confirmBeforeExit():144] - Display confirm dialog...
2017-04-16 19:31:04 DEBUG [net.isetjb.frames.Desktop.java:confirmBeforeExit():148] - User answer YES.
